[00:00:37] [Server thread/INFO]: <furioustanks> ???
[00:00:43] [Server thread/INFO]: <sugarfree1031> ??
[00:01:02] [Server thread/INFO]: <sugarfree1031> ??? ???
[00:01:16] [Server thread/INFO]: <furioustanks> ??
[00:01:19] [Server thread/INFO]: <furioustanks> ?? ???
[00:01:31] [Server thread/INFO]: <sugarfree1031> ? ???
[00:01:38] [Server thread/INFO]: <furioustanks> ??? ???
[00:01:41] [Server thread/INFO]: <sugarfree1031> ?? ??? ?? ?????
[00:01:45] [Server thread/INFO]: <sugarfree1031> ????
[00:01:47] [Server thread/INFO]: <sugarfree1031> ????
[00:02:13] [Server thread/INFO]: <furioustanks> ??
[00:02:25] [Server thread/INFO]: <sugarfree1031> ? ???
[00:03:45] [Server thread/INFO]: sugarfree1031 hit the ground too hard
[00:03:50] [Server thread/INFO]: <furioustanks> ????
[00:06:23] [Server thread/INFO]: <sugarfree1031> ??? ?? ????? ???.. ?? ???? ??? ???? ????
[00:06:41] [Server thread/INFO]: <furioustanks> ???? ?? ????
[00:07:34] [Server thread/INFO]: <sugarfree1031> ???
[00:08:36] [Server thread/INFO]: <furioustanks> ?? ??
[00:08:46] [Server thread/INFO]: sugarfree1031 has made the advancement [Sweet Dreams]
[00:08:53] [Server thread/INFO]: <furioustanks> ??? ??
[00:09:13] [Server thread/INFO]: <sugarfree1031> ?? ????
[00:09:14] [Server thread/INFO]: furioustanks has made the advancement [Sweet Dreams]
[00:09:26] [Server thread/INFO]: <furioustanks> ???? 2? ??
[00:09:30] [Server thread/INFO]: <sugarfree1031> ????
[00:09:53] [Server thread/INFO]: <sugarfree1031> ?? ?????
[00:09:57] [Server thread/INFO]: <furioustanks> ?
[00:09:57] [Server thread/INFO]: <sugarfree1031> ??? ???
[00:10:56] [Server thread/INFO]: <furioustanks> ??
[00:10:59] [Server thread/INFO]: sugarfree1031 was blown up by Creeper
[00:10:59] [Server thread/INFO]: <furioustanks> ??? ?? ?
[00:11:00] [Server thread/INFO]: <sugarfree1031> ???
[00:11:07] [Server thread/INFO]: <sugarfree1031> ??
[00:11:10] [Server thread/INFO]: <furioustanks> 3?? ?
[00:11:46] [Server thread/INFO]: <sugarfree1031> ?? ? ?? ??? ??? ??.....
[00:11:52] [Server thread/INFO]: <furioustanks> ???...
[00:11:58] [Server thread/INFO]: <sugarfree1031> ??? ? ?? ??? ??? ??? ????..
[00:12:49] [Server thread/INFO]: furioustanks has made the advancement [Ice Bucket Challenge]
[00:17:34] [Server thread/INFO]: <sugarfree1031> ???? ?? ?? ?????
[00:17:38] [Server thread/INFO]: <furioustanks> ????
[00:19:54] [Server thread/INFO]: <furioustanks> ??sosn
[00:19:56] [Server thread/INFO]: <furioustanks> ?? ??
[00:22:30] [Server thread/INFO]: <sugarfree1031> ????
[00:22:43] [Server thread/INFO]: <furioustanks> ??? ?
[00:22:50] [Server thread/INFO]: <furioustanks> ????
[00:22:54] [Server thread/INFO]: <furioustanks> ?? ???
[00:23:01] [Server thread/INFO]: <sugarfree1031> ??
[00:23:03] [Server thread/INFO]: <furioustanks> ?? ???? ??
[00:23:11] [Server thread/INFO]: <sugarfree1031> ;;;;;;;;
[00:24:55] [Server thread/INFO]: <sugarfree1031> ???
[00:25:45] [Server thread/INFO]: <furioustanks> ? ???? ???
[00:25:50] [Server thread/INFO]: <furioustanks> ? 11? ?????
[00:25:57] [Server thread/INFO]: <sugarfree1031> ?????
[00:26:02] [Server thread/INFO]: <furioustanks> ??? ? ????
[00:26:05] [Server thread/INFO]: <sugarfree1031> ??
[00:26:11] [Server thread/INFO]: <furioustanks> ?? ?? ?????
[00:26:19] [Server thread/INFO]: <furioustanks> ??? ?? ??? ???
[00:26:19] [Server thread/INFO]: <sugarfree1031> ?? ???
[00:26:23] [Server thread/INFO]: <sugarfree1031> ???
[00:26:25] [Server thread/INFO]: <furioustanks> ?? ? ???
[00:26:30] [Server thread/INFO]: <sugarfree1031> ?????
[00:26:34] [Server thread/INFO]: <furioustanks> ?? ???
[00:26:38] [Server thread/INFO]: <sugarfree1031> ?
[00:26:47] [Server thread/INFO]: sugarfree1031 lost connection: Disconnected
[00:26:47] [Server thread/INFO]: sugarfree1031 left the game
[00:26:49] [Server thread/INFO]: furioustanks lost connection: Disconnected
[00:26:49] [Server thread/INFO]: furioustanks left the game
[00:26:59] [Server thread/INFO]: Unknown or incomplete command, see below for error
[00:26:59] [Server thread/INFO]: end<--[HERE]
[00:27:03] [Server thread/INFO]: Stopping the server
[00:27:03] [Server thread/INFO]: Stopping server
[00:27:03] [Server thread/INFO]: Saving players
[00:27:03] [Server thread/INFO]: Saving worlds
[00:27:03] [Server thread/INFO]: Saving chunks for level 'ServerLevel[world]'/minecraft:overworld
[00:27:03] [Server thread/INFO]: ThreadedAnvilChunkStorage (world): All chunks are saved
[00:27:03] [Server thread/INFO]: Saving chunks for level 'ServerLevel[world]'/minecraft:the_nether
[00:27:03] [Server thread/INFO]: ThreadedAnvilChunkStorage (DIM-1): All chunks are saved
[00:27:03] [Server thread/INFO]: Saving chunks for level 'ServerLevel[world]'/minecraft:the_end
[00:27:03] [Server thread/INFO]: ThreadedAnvilChunkStorage (DIM1): All chunks are saved
[00:27:03] [Server thread/INFO]: ThreadedAnvilChunkStorage (world): All chunks are saved
[00:27:04] [Server thread/INFO]: ThreadedAnvilChunkStorage (DIM-1): All chunks are saved
[00:27:04] [Server thread/INFO]: ThreadedAnvilChunkStorage (DIM1): All chunks are saved
